<?xml version="1.0" encoding="UTF-8"?>
<testsuite name="baseline.Solution45Test" tests="6" skipped="0" failures="0" errors="0" timestamp="2021-10-15T02:04:08" hostname="DESKTOP-2D733RN" time="0.026">
  <properties/>
  <testcase name="test_find_strings1()" classname="baseline.Solution45Test" time="0.015"/>
  <testcase name="test_find_strings2()" classname="baseline.Solution45Test" time="0.0"/>
  <testcase name="test_read_file_to_list()" classname="baseline.Solution45Test" time="0.0"/>
  <testcase name="test_replace_strings()" classname="baseline.Solution45Test" time="0.002"/>
  <testcase name="test_create_file()" classname="baseline.Solution45Test" time="0.003"/>
  <testcase name="test_convert_list()" classname="baseline.Solution45Test" time="0.001"/>
  <system-out><![CDATA[]]></system-out>
  <system-err><![CDATA[]]></system-err>
</testsuite>
