<?xml version="1.0" encoding="UTF-8"?>
<testsuite name="baseline.Solution41Test" tests="3" skipped="0" failures="0" errors="0" timestamp="2021-10-13T01:41:51" hostname="DESKTOP-2D733RN" time="0.022">
  <properties/>
  <testcase name="output_file_exists()" classname="baseline.Solution41Test" time="0.017"/>
  <testcase name="test_alphabet_sort_1()" classname="baseline.Solution41Test" time="0.003"/>
  <testcase name="test_alphabet_sort_2()" classname="baseline.Solution41Test" time="0.001"/>
  <system-out><![CDATA[]]></system-out>
  <system-err><![CDATA[]]></system-err>
</testsuite>
