<?xml version="1.0" encoding="UTF-8"?>
<testsuite name="baseline.Solution42Test" tests="2" skipped="0" failures="0" errors="0" timestamp="2021-10-13T01:14:16" hostname="DESKTOP-2D733RN" time="0.02">
  <properties/>
  <testcase name="employee_test()" classname="baseline.Solution42Test" time="0.013"/>
  <testcase name="parser_Test()" classname="baseline.Solution42Test" time="0.006"/>
  <system-out><![CDATA[]]></system-out>
  <system-err><![CDATA[]]></system-err>
</testsuite>
