<?xml version="1.0" encoding="UTF-8"?>
<testsuite name="baseline.Solution42Test" tests="2" skipped="0" failures="0" errors="0" timestamp="2021-10-10T17:28:56" hostname="DESKTOP-2D733RN" time="0.016">
  <properties/>
  <testcase name="employee_test()" classname="baseline.Solution42Test" time="0.014"/>
  <testcase name="parser_Test()" classname="baseline.Solution42Test" time="0.002"/>
  <system-out><![CDATA[]]></system-out>
  <system-err><![CDATA[]]></system-err>
</testsuite>
