<?xml version="1.0" encoding="UTF-8"?>
<testsuite name="baseline.Solution43Test" tests="3" skipped="0" failures="0" errors="0" timestamp="2021-10-13T01:06:09" hostname="DESKTOP-2D733RN" time="0.041">
  <properties/>
  <testcase name="test_getter1()" classname="baseline.Solution43Test" time="0.018"/>
  <testcase name="test_getter2()" classname="baseline.Solution43Test" time="0.002"/>
  <testcase name="test_HTML_created()" classname="baseline.Solution43Test" time="0.019"/>
  <system-out><![CDATA[]]></system-out>
  <system-err><![CDATA[Oct 12, 2021 9:06:09 PM baseline.WebsiteCreator createWebsite
INFO: DIRECTORIES CREATED
]]></system-err>
</testsuite>
