<?xml version="1.0" encoding="UTF-8"?>
<testsuite name="baseline.Solution43Test" tests="3" skipped="0" failures="0" errors="0" timestamp="2021-10-14T20:27:32" hostname="DESKTOP-2D733RN" time="0.046">
  <properties/>
  <testcase name="test_getter1()" classname="baseline.Solution43Test" time="0.018"/>
  <testcase name="test_getter2()" classname="baseline.Solution43Test" time="0.002"/>
  <testcase name="test_HTML_created()" classname="baseline.Solution43Test" time="0.025"/>
  <system-out><![CDATA[]]></system-out>
  <system-err><![CDATA[Oct 14, 2021 4:27:32 PM baseline.WebsiteCreator createWebsite
INFO: DIRECTORIES CREATED
]]></system-err>
</testsuite>
