<?xml version="1.0" encoding="UTF-8"?>
<testsuite name="baseline.Solution44Test" tests="3" skipped="0" failures="0" errors="0" timestamp="2021-10-14T01:14:23" hostname="DESKTOP-2D733RN" time="0.034">
  <properties/>
  <testcase name="test_search_json_array1()" classname="baseline.Solution44Test" time="0.03"/>
  <testcase name="test_search_json_array2()" classname="baseline.Solution44Test" time="0.002"/>
  <testcase name="test_create_json_array()" classname="baseline.Solution44Test" time="0.001"/>
  <system-out><![CDATA[]]></system-out>
  <system-err><![CDATA[]]></system-err>
</testsuite>
